Arguments: 
  C:\Program Files\nodejs\node.exe C:\Users\hlope\AppData\Roaming\npm\node_modules\yarn\bin\yarn.js init

PATH: 
  C:\cygwin\usr\local\bin;C:\cygwin\bin;C:\Program Files\Haskell\bin;C:\Program Files\Haskell Platform\8.0.2\lib\extralibs\bin;C:\Program Files\Haskell Platform\8.0.2\bin;C:\ProgramData\Oracle\Java\javapath;C:\Program Files (x86)\Intel\iCLS Client;C:\Program Files\Intel\iCLS Client;C:\WINDOWS\system32;C:\WINDOWS;C:\WINDOWS\System32\Wbem;C:\WINDOWS\System32\WindowsPowerShell\v1.0;C:\Program Files (x86)\Intel\Intel(R) Management Engine Components\DAL;C:\Program Files\Intel\Intel(R) Management Engine Components\DAL;C:\Program Files (x86)\Intel\Intel(R) Management Engine Components\IPT;C:\Program Files\Intel\Intel(R) Management Engine Components\IPT;C:\Program Files\Git\cmd;C:\Program Files\Git\bin;C:\cygwin64\bin;C:\Program Files (x86)\Java\jre1.8.0_121;C:\Python33;C:\Program Files (x86)\clisp-2.49;C:\Program Files (x86)\Emacs\bin;C:\Program Files\Haskell Platform\8.0.2\mingw\bin;C:\Program Files (x86)\JetBrains\IntelliJ IDEA Community Edition 2016.3.3;C:\Program Files (x86)\Java\jdk1.8.0_121;C:\Program Files (x86)\Skype\Phone;C:\Cygwin\bin;C:\Program Files (x86)\Java\jdk1.8.0_121\bin;C:\Program Files (x86)\scala\bin;C:\Program Files\Microsoft SQL Server\130\Tools\Binn;C:\Program Files\dotnet;C:\HashiCorp\Vagrant\bin;C:\Program Files\Intel\WiFi\bin;C:\Program Files\Common Files\Intel\WirelessCommon;C:\Program Files\nodejs;C:\Ruby23-x64\bin;C:\Users\hlope\AppData\Roaming\cabal\bin;C:\Users\hlope\AppData\Roaming\local\bin;C:\Users\hlope\AppData\Local\Microsoft\WindowsApps;C:\Program Files (x86)\clisp-2.49;C:\Program Files (x86)\SSH Communications Security\SSH Secure Shell;C:\Program Files\Apache\apache-maven-3.5.0\bin;C:\Program Files\MySQL\MySQL Server 5.7\bin;C:\apache-tomcat-8.5.16\bin;C:\Users\hlope\AppData\Roaming\npm;C:\cygwin\lib\lapack

Yarn version: 
  1.3.2

Node version: 
  8.9.3

Platform: 
  win32 x64

npm manifest: 
  No manifest

yarn manifest: 
  No manifest

Lockfile: 
  No lockfile

Trace: 
  Error: Can't answer a question unless a user TTY
      at ConsoleReporter.question (C:\Users\hlope\AppData\Roaming\npm\node_modules\yarn\lib\cli.js:87314:59)
      at Object.<anonymous> (C:\Users\hlope\AppData\Roaming\npm\node_modules\yarn\lib\cli.js:81822:38)
      at Generator.next (<anonymous>)
      at step (C:\Users\hlope\AppData\Roaming\npm\node_modules\yarn\lib\cli.js:92:30)
      at C:\Users\hlope\AppData\Roaming\npm\node_modules\yarn\lib\cli.js:103:13
      at <anonymous>
